Using pre-set license
Built from '2020.3/release' branch; Version is '2020.3.12f1 (b3b2c6512326) revision 11776710'; Using compiler version '192528614'; Build Type 'Release'
OS: 'Windows 10 Education; OS build 22000.1455; Version 2009; 64bit' Language: 'ko' Physical Memory: 16309 MB
BatchMode: 1, IsHumanControllingUs: 0, StartBugReporterOnCrash: 0, Is64bit: 1, IsPro: 0

 COMMAND LINE ARGUMENTS:
C:\Program Files\Unity\Hub\Editor\2020.3.12f1\Editor\Unity.exe
-adb2
-batchMode
-noUpm
-name
AssetImportWorker0
-projectPath
C:/Users/Kks/source/repos/UnityProject/Client
-logFile
Logs/AssetImportWorker0.log
-srvPort
55924
Successfully changed project path to: C:/Users/Kks/source/repos/UnityProject/Client
C:/Users/Kks/source/repos/UnityProject/Client
Using Asset Import Pipeline V2.
Refreshing native plugins compatible for Editor in 27.48 ms, found 2 plugins.
Preloading 0 native plugins for Editor in 0.00 ms.
Initialize engine version: 2020.3.12f1 (b3b2c6512326)
[Subsystems] Discovering subsystems at path C:/Program Files/Unity/Hub/Editor/2020.3.12f1/Editor/Data/Resources/UnitySubsystems
[Subsystems] Discovering subsystems at path C:/Users/Kks/source/repos/UnityProject/Client/Assets
GfxDevice: creating device client; threaded=0
Direct3D:
    Version:  Direct3D 11.0 [level 11.1]
    Renderer: AMD Radeon RX 5700 XT (ID=0x731f)
    Vendor:   
    VRAM:     7805 MB
    Driver:   31.0.12027.7000
Initialize mono
Mono path[0] = 'C:/Program Files/Unity/Hub/Editor/2020.3.12f1/Editor/Data/Managed'
Mono path[1] = 'C:/Program Files/Unity/Hub/Editor/2020.3.12f1/Editor/Data/MonoBleedingEdge/lib/mono/unityjit'
Mono config path = 'C:/Program Files/Unity/Hub/Editor/2020.3.12f1/Editor/Data/MonoBleedingEdge/etc'
Using monoOptions --debugger-agent=transport=dt_socket,embedding=1,server=y,suspend=n,address=127.0.0.1:56488
Begin MonoManager ReloadAssembly
Registering precompiled unity dll's ...
Register platform support module: C:/Program Files/Unity/Hub/Editor/2020.3.12f1/Editor/Data/PlaybackEngines/WebGLSupport/UnityEditor.WebGL.Extensions.dll
Register platform support module: C:/Program Files/Unity/Hub/Editor/2020.3.12f1/Editor/Data/PlaybackEngines/WindowsStandaloneSupport/UnityEditor.WindowsStandalone.Extensions.dll
Registered in 0.002470 seconds.
Native extension for WindowsStandalone target not found
Native extension for WebGL target not found
Refreshing native plugins compatible for Editor in 28.11 ms, found 2 plugins.
Preloading 0 native plugins for Editor in 0.00 ms.
Mono: successfully reloaded assembly
- Completed reload, in  1.284 seconds
Platform modules already initialized, skipping
Registering precompiled user dll's ...
Registered in 0.004791 seconds.
Begin MonoManager ReloadAssembly
Native extension for WindowsStandalone target not found
Native extension for WebGL target not found
Refreshing native plugins compatible for Editor in 0.33 ms, found 2 plugins.
Preloading 0 native plugins for Editor in 0.00 ms.
Mono: successfully reloaded assembly
- Completed reload, in  1.148 seconds
Platform modules already initialized, skipping
========================================================================
Worker process is ready to serve import requests
Launched and connected shader compiler UnityShaderCompiler.exe after 0.05 seconds
Refreshing native plugins compatible for Editor in 0.31 ms, found 2 plugins.
Preloading 0 native plugins for Editor in 0.00 ms.
Unloading 1392 Unused Serialized files (Serialized files now loaded: 0)
System memory in use before: 79.7 MB.
System memory in use after: 79.8 MB.

Unloading 19 unused Assets to reduce memory usage. Loaded Objects now: 1840.
Total: 7.260800 ms (FindLiveObjects: 0.162900 ms CreateObjectMapping: 0.035700 ms MarkObjects: 6.511400 ms  DeleteObjects: 0.548700 ms)

AssetImportParameters requested are different than current active one (requested -> active):
  custom:framework-win-MediaFoundation: 216162199b28c13a410421893ffa2e32 -> 
  custom:video-decoder-ogg-theora: a1e56fd34408186e4bbccfd4996cb3dc -> 
  custom:container-muxer-webm: aa71ff27fc2769a1b78a27578f13a17b -> 
  custom:container-demuxer-webm: 4f35f7cbe854078d1ac9338744f61a02 -> 
  custom:container-demuxer-ogg: 62fdf1f143b41e24485cea50d1cbac27 -> 
  custom:video-encoder-webm-vp8: eb34c28f22e8b96e1ab97ce403110664 -> 
  custom:video-decoder-webm-vp8: 9c59270c3fd7afecdb556c50c9e8de78 -> 
  custom:audio-decoder-ogg-vorbis: bf7c407c2cedff20999df2af8eb42d56 -> 
  custom:audio-encoder-webm-vorbis: bf7c407c2cedff20999df2af8eb42d56 -> 
========================================================================
Received Import Request.
  path: Assets/Scripts/Managers/InputManager.cs
  artifactKey: Guid(4cdbcff97920cc14a8c1beec433e7888) Importer(815301076,1909f56bfc062723c751e8b465ee728b)
Start importing Assets/Scripts/Managers/InputManager.cs using Guid(4cdbcff97920cc14a8c1beec433e7888) Importer(815301076,1909f56bfc062723c751e8b465ee728b)  -> (artifact id: '5e0055e21b00dbb27966e83075685fe4') in 0.033819 seconds 
  Import took 0.036530 seconds .

========================================================================
Received Import Request.
  Time since last request: 126.765418 seconds.
  path: Assets/Scripts/Managers/InputManager.cs
  artifactKey: Guid(4cdbcff97920cc14a8c1beec433e7888) Importer(815301076,1909f56bfc062723c751e8b465ee728b)
Start importing Assets/Scripts/Managers/InputManager.cs using Guid(4cdbcff97920cc14a8c1beec433e7888) Importer(815301076,1909f56bfc062723c751e8b465ee728b)  -> (artifact id: '2fcf4966271303a67c780718e9618f81') in 0.002844 seconds 
  Import took 0.005139 seconds .

========================================================================
Received Prepare
Registering precompiled user dll's ...
Registered in 0.005490 seconds.
Begin MonoManager ReloadAssembly
Native extension for WindowsStandalone target not found
Native extension for WebGL target not found
Refreshing native plugins compatible for Editor in 0.34 ms, found 2 plugins.
Preloading 0 native plugins for Editor in 0.00 ms.
Mono: successfully reloaded assembly
- Completed reload, in  1.040 seconds
Platform modules already initialized, skipping
Refreshing native plugins compatible for Editor in 0.33 ms, found 2 plugins.
Preloading 0 native plugins for Editor in 0.00 ms.
Unloading 1387 Unused Serialized files (Serialized files now loaded: 0)
System memory in use before: 79.7 MB.
System memory in use after: 79.8 MB.

Unloading 14 unused Assets to reduce memory usage. Loaded Objects now: 1843.
Total: 2.216100 ms (FindLiveObjects: 0.369800 ms CreateObjectMapping: 0.061900 ms MarkObjects: 1.718900 ms  DeleteObjects: 0.064100 ms)

AssetImportParameters requested are different than current active one (requested -> active):
  custom:framework-win-MediaFoundation: 216162199b28c13a410421893ffa2e32 -> 
  custom:video-decoder-ogg-theora: a1e56fd34408186e4bbccfd4996cb3dc -> 
  custom:container-muxer-webm: aa71ff27fc2769a1b78a27578f13a17b -> 
  custom:container-demuxer-webm: 4f35f7cbe854078d1ac9338744f61a02 -> 
  custom:container-demuxer-ogg: 62fdf1f143b41e24485cea50d1cbac27 -> 
  custom:video-encoder-webm-vp8: eb34c28f22e8b96e1ab97ce403110664 -> 
  custom:video-decoder-webm-vp8: 9c59270c3fd7afecdb556c50c9e8de78 -> 
  custom:audio-decoder-ogg-vorbis: bf7c407c2cedff20999df2af8eb42d56 -> 
  custom:audio-encoder-webm-vorbis: bf7c407c2cedff20999df2af8eb42d56 -> 
========================================================================
Received Prepare
Registering precompiled user dll's ...
Registered in 0.014940 seconds.
Begin MonoManager ReloadAssembly
Native extension for WindowsStandalone target not found
Native extension for WebGL target not found
Refreshing native plugins compatible for Editor in 0.53 ms, found 2 plugins.
Preloading 0 native plugins for Editor in 0.00 ms.
Mono: successfully reloaded assembly
- Completed reload, in  1.026 seconds
Platform modules already initialized, skipping
Refreshing native plugins compatible for Editor in 0.33 ms, found 2 plugins.
Preloading 0 native plugins for Editor in 0.00 ms.
Unloading 1387 Unused Serialized files (Serialized files now loaded: 0)
System memory in use before: 79.7 MB.
System memory in use after: 79.8 MB.

Unloading 14 unused Assets to reduce memory usage. Loaded Objects now: 1846.
Total: 2.317400 ms (FindLiveObjects: 0.178900 ms CreateObjectMapping: 0.033400 ms MarkObjects: 2.027700 ms  DeleteObjects: 0.075900 ms)

AssetImportParameters requested are different than current active one (requested -> active):
  custom:framework-win-MediaFoundation: 216162199b28c13a410421893ffa2e32 -> 
  custom:video-decoder-ogg-theora: a1e56fd34408186e4bbccfd4996cb3dc -> 
  custom:container-muxer-webm: aa71ff27fc2769a1b78a27578f13a17b -> 
  custom:container-demuxer-webm: 4f35f7cbe854078d1ac9338744f61a02 -> 
  custom:container-demuxer-ogg: 62fdf1f143b41e24485cea50d1cbac27 -> 
  custom:video-encoder-webm-vp8: eb34c28f22e8b96e1ab97ce403110664 -> 
  custom:video-decoder-webm-vp8: 9c59270c3fd7afecdb556c50c9e8de78 -> 
  custom:audio-decoder-ogg-vorbis: bf7c407c2cedff20999df2af8eb42d56 -> 
  custom:audio-encoder-webm-vorbis: bf7c407c2cedff20999df2af8eb42d56 -> 
========================================================================
Received Import Request.
  Time since last request: 48.790856 seconds.
  path: Assets/Scripts/Managers/InputManager.cs
  artifactKey: Guid(4cdbcff97920cc14a8c1beec433e7888) Importer(815301076,1909f56bfc062723c751e8b465ee728b)
Start importing Assets/Scripts/Managers/InputManager.cs using Guid(4cdbcff97920cc14a8c1beec433e7888) Importer(815301076,1909f56bfc062723c751e8b465ee728b)  -> (artifact id: 'fbac2c7335f39754789d8b2c7ca49fc7') in 0.005460 seconds 
  Import took 0.007551 seconds .

========================================================================
Received Prepare
Registering precompiled user dll's ...
Registered in 0.006115 seconds.
Begin MonoManager ReloadAssembly
Native extension for WindowsStandalone target not found
Native extension for WebGL target not found
Refreshing native plugins compatible for Editor in 0.35 ms, found 2 plugins.
Preloading 0 native plugins for Editor in 0.00 ms.
Mono: successfully reloaded assembly
- Completed reload, in  1.022 seconds
Platform modules already initialized, skipping
Refreshing native plugins compatible for Editor in 0.33 ms, found 2 plugins.
Preloading 0 native plugins for Editor in 0.00 ms.
Unloading 1387 Unused Serialized files (Serialized files now loaded: 0)
System memory in use before: 79.8 MB.
System memory in use after: 79.8 MB.

Unloading 14 unused Assets to reduce memory usage. Loaded Objects now: 1849.
Total: 2.774800 ms (FindLiveObjects: 0.169200 ms CreateObjectMapping: 0.031700 ms MarkObjects: 2.489600 ms  DeleteObjects: 0.082500 ms)

AssetImportParameters requested are different than current active one (requested -> active):
  custom:framework-win-MediaFoundation: 216162199b28c13a410421893ffa2e32 -> 
  custom:video-decoder-ogg-theora: a1e56fd34408186e4bbccfd4996cb3dc -> 
  custom:container-muxer-webm: aa71ff27fc2769a1b78a27578f13a17b -> 
  custom:container-demuxer-webm: 4f35f7cbe854078d1ac9338744f61a02 -> 
  custom:container-demuxer-ogg: 62fdf1f143b41e24485cea50d1cbac27 -> 
  custom:video-encoder-webm-vp8: eb34c28f22e8b96e1ab97ce403110664 -> 
  custom:video-decoder-webm-vp8: 9c59270c3fd7afecdb556c50c9e8de78 -> 
  custom:audio-decoder-ogg-vorbis: bf7c407c2cedff20999df2af8eb42d56 -> 
  custom:audio-encoder-webm-vorbis: bf7c407c2cedff20999df2af8eb42d56 -> 
========================================================================
Received Import Request.
  Time since last request: 36.170364 seconds.
  path: Assets/Scripts/Managers/InputManager.cs
  artifactKey: Guid(4cdbcff97920cc14a8c1beec433e7888) Importer(815301076,1909f56bfc062723c751e8b465ee728b)
Start importing Assets/Scripts/Managers/InputManager.cs using Guid(4cdbcff97920cc14a8c1beec433e7888) Importer(815301076,1909f56bfc062723c751e8b465ee728b)  -> (artifact id: '937d211b92c983db2d8a12169da5e916') in 0.006762 seconds 
  Import took 0.009084 seconds .

========================================================================
Received Prepare
Registering precompiled user dll's ...
Registered in 0.005692 seconds.
Begin MonoManager ReloadAssembly
Native extension for WindowsStandalone target not found
Native extension for WebGL target not found
Refreshing native plugins compatible for Editor in 0.47 ms, found 2 plugins.
Preloading 0 native plugins for Editor in 0.00 ms.
Mono: successfully reloaded assembly
- Completed reload, in  1.006 seconds
Platform modules already initialized, skipping
Refreshing native plugins compatible for Editor in 0.33 ms, found 2 plugins.
Preloading 0 native plugins for Editor in 0.00 ms.
Unloading 1387 Unused Serialized files (Serialized files now loaded: 0)
System memory in use before: 79.8 MB.
System memory in use after: 79.9 MB.

Unloading 14 unused Assets to reduce memory usage. Loaded Objects now: 1852.
Total: 2.085500 ms (FindLiveObjects: 0.223500 ms CreateObjectMapping: 0.035100 ms MarkObjects: 1.734900 ms  DeleteObjects: 0.091200 ms)

AssetImportParameters requested are different than current active one (requested -> active):
  custom:framework-win-MediaFoundation: 216162199b28c13a410421893ffa2e32 -> 
  custom:video-decoder-ogg-theora: a1e56fd34408186e4bbccfd4996cb3dc -> 
  custom:container-muxer-webm: aa71ff27fc2769a1b78a27578f13a17b -> 
  custom:container-demuxer-webm: 4f35f7cbe854078d1ac9338744f61a02 -> 
  custom:container-demuxer-ogg: 62fdf1f143b41e24485cea50d1cbac27 -> 
  custom:video-encoder-webm-vp8: eb34c28f22e8b96e1ab97ce403110664 -> 
  custom:video-decoder-webm-vp8: 9c59270c3fd7afecdb556c50c9e8de78 -> 
  custom:audio-decoder-ogg-vorbis: bf7c407c2cedff20999df2af8eb42d56 -> 
  custom:audio-encoder-webm-vorbis: bf7c407c2cedff20999df2af8eb42d56 -> 
========================================================================
Received Import Request.
  Time since last request: 33.765454 seconds.
  path: Assets/Scripts/Managers/InputManager.cs
  artifactKey: Guid(4cdbcff97920cc14a8c1beec433e7888) Importer(815301076,1909f56bfc062723c751e8b465ee728b)
Start importing Assets/Scripts/Managers/InputManager.cs using Guid(4cdbcff97920cc14a8c1beec433e7888) Importer(815301076,1909f56bfc062723c751e8b465ee728b)  -> (artifact id: '7716c47f16bdde766032d7b1eac62f24') in 0.009267 seconds 
  Import took 0.012015 seconds .

========================================================================
Received Prepare
Registering precompiled user dll's ...
Registered in 0.006627 seconds.
Begin MonoManager ReloadAssembly
Native extension for WindowsStandalone target not found
Native extension for WebGL target not found
Refreshing native plugins compatible for Editor in 0.34 ms, found 2 plugins.
Preloading 0 native plugins for Editor in 0.00 ms.
Mono: successfully reloaded assembly
- Completed reload, in  0.945 seconds
Platform modules already initialized, skipping
Refreshing native plugins compatible for Editor in 0.35 ms, found 2 plugins.
Preloading 0 native plugins for Editor in 0.00 ms.
Unloading 1387 Unused Serialized files (Serialized files now loaded: 0)
System memory in use before: 79.8 MB.
System memory in use after: 79.9 MB.

Unloading 14 unused Assets to reduce memory usage. Loaded Objects now: 1855.
Total: 2.023500 ms (FindLiveObjects: 0.174100 ms CreateObjectMapping: 0.034700 ms MarkObjects: 1.741000 ms  DeleteObjects: 0.072400 ms)

AssetImportParameters requested are different than current active one (requested -> active):
  custom:framework-win-MediaFoundation: 216162199b28c13a410421893ffa2e32 -> 
  custom:video-decoder-ogg-theora: a1e56fd34408186e4bbccfd4996cb3dc -> 
  custom:container-muxer-webm: aa71ff27fc2769a1b78a27578f13a17b -> 
  custom:container-demuxer-webm: 4f35f7cbe854078d1ac9338744f61a02 -> 
  custom:container-demuxer-ogg: 62fdf1f143b41e24485cea50d1cbac27 -> 
  custom:video-encoder-webm-vp8: eb34c28f22e8b96e1ab97ce403110664 -> 
  custom:video-decoder-webm-vp8: 9c59270c3fd7afecdb556c50c9e8de78 -> 
  custom:audio-decoder-ogg-vorbis: bf7c407c2cedff20999df2af8eb42d56 -> 
  custom:audio-encoder-webm-vorbis: bf7c407c2cedff20999df2af8eb42d56 -> 
========================================================================
Received Import Request.
  Time since last request: 111.522894 seconds.
  path: Assets/Scripts/Managers/InputManager.cs
  artifactKey: Guid(4cdbcff97920cc14a8c1beec433e7888) Importer(815301076,1909f56bfc062723c751e8b465ee728b)
Start importing Assets/Scripts/Managers/InputManager.cs using Guid(4cdbcff97920cc14a8c1beec433e7888) Importer(815301076,1909f56bfc062723c751e8b465ee728b)  -> (artifact id: 'b18d315dfeb8e8cc4e3a81e3181b1eed') in 0.004884 seconds 
  Import took 0.007213 seconds .

========================================================================
Received Prepare
Registering precompiled user dll's ...
Registered in 0.005368 seconds.
Begin MonoManager ReloadAssembly
Native extension for WindowsStandalone target not found
Native extension for WebGL target not found
Refreshing native plugins compatible for Editor in 0.33 ms, found 2 plugins.
Preloading 0 native plugins for Editor in 0.00 ms.
Mono: successfully reloaded assembly
- Completed reload, in  0.955 seconds
Platform modules already initialized, skipping
Refreshing native plugins compatible for Editor in 0.44 ms, found 2 plugins.
Preloading 0 native plugins for Editor in 0.00 ms.
Unloading 1387 Unused Serialized files (Serialized files now loaded: 0)
System memory in use before: 79.8 MB.
System memory in use after: 79.9 MB.

Unloading 14 unused Assets to reduce memory usage. Loaded Objects now: 1858.
Total: 2.021900 ms (FindLiveObjects: 0.296300 ms CreateObjectMapping: 0.043100 ms MarkObjects: 1.613200 ms  DeleteObjects: 0.067700 ms)

AssetImportParameters requested are different than current active one (requested -> active):
  custom:framework-win-MediaFoundation: 216162199b28c13a410421893ffa2e32 -> 
  custom:video-decoder-ogg-theora: a1e56fd34408186e4bbccfd4996cb3dc -> 
  custom:container-muxer-webm: aa71ff27fc2769a1b78a27578f13a17b -> 
  custom:container-demuxer-webm: 4f35f7cbe854078d1ac9338744f61a02 -> 
  custom:container-demuxer-ogg: 62fdf1f143b41e24485cea50d1cbac27 -> 
  custom:video-encoder-webm-vp8: eb34c28f22e8b96e1ab97ce403110664 -> 
  custom:video-decoder-webm-vp8: 9c59270c3fd7afecdb556c50c9e8de78 -> 
  custom:audio-decoder-ogg-vorbis: bf7c407c2cedff20999df2af8eb42d56 -> 
  custom:audio-encoder-webm-vorbis: bf7c407c2cedff20999df2af8eb42d56 -> 
========================================================================
Received Import Request.
  Time since last request: 516.263998 seconds.
  path: Assets/Scripts/Managers/InputManager.cs
  artifactKey: Guid(4cdbcff97920cc14a8c1beec433e7888) Importer(815301076,1909f56bfc062723c751e8b465ee728b)
Start importing Assets/Scripts/Managers/InputManager.cs using Guid(4cdbcff97920cc14a8c1beec433e7888) Importer(815301076,1909f56bfc062723c751e8b465ee728b)  -> (artifact id: '3b00635f4c2c650d3bec854135174504') in 0.005557 seconds 
  Import took 0.008837 seconds .

========================================================================
Received Prepare
Registering precompiled user dll's ...
Registered in 0.005299 seconds.
Begin MonoManager ReloadAssembly
Native extension for WindowsStandalone target not found
Native extension for WebGL target not found
Refreshing native plugins compatible for Editor in 0.34 ms, found 2 plugins.
Preloading 0 native plugins for Editor in 0.00 ms.
Mono: successfully reloaded assembly
- Completed reload, in  0.863 seconds
Platform modules already initialized, skipping
Refreshing native plugins compatible for Editor in 0.30 ms, found 2 plugins.
Preloading 0 native plugins for Editor in 0.00 ms.
Unloading 1387 Unused Serialized files (Serialized files now loaded: 0)
System memory in use before: 79.8 MB.
System memory in use after: 79.9 MB.

Unloading 14 unused Assets to reduce memory usage. Loaded Objects now: 1861.
Total: 1.901800 ms (FindLiveObjects: 0.164100 ms CreateObjectMapping: 0.033400 ms MarkObjects: 1.627300 ms  DeleteObjects: 0.075500 ms)

AssetImportParameters requested are different than current active one (requested -> active):
  custom:framework-win-MediaFoundation: 216162199b28c13a410421893ffa2e32 -> 
  custom:video-decoder-ogg-theora: a1e56fd34408186e4bbccfd4996cb3dc -> 
  custom:container-muxer-webm: aa71ff27fc2769a1b78a27578f13a17b -> 
  custom:container-demuxer-webm: 4f35f7cbe854078d1ac9338744f61a02 -> 
  custom:container-demuxer-ogg: 62fdf1f143b41e24485cea50d1cbac27 -> 
  custom:video-encoder-webm-vp8: eb34c28f22e8b96e1ab97ce403110664 -> 
  custom:video-decoder-webm-vp8: 9c59270c3fd7afecdb556c50c9e8de78 -> 
  custom:audio-decoder-ogg-vorbis: bf7c407c2cedff20999df2af8eb42d56 -> 
  custom:audio-encoder-webm-vorbis: bf7c407c2cedff20999df2af8eb42d56 -> 
========================================================================
Received Prepare
Registering precompiled user dll's ...
Registered in 0.004484 seconds.
Begin MonoManager ReloadAssembly
Native extension for WindowsStandalone target not found
Native extension for WebGL target not found
Refreshing native plugins compatible for Editor in 0.34 ms, found 2 plugins.
Preloading 0 native plugins for Editor in 0.00 ms.
Mono: successfully reloaded assembly
- Completed reload, in  1.007 seconds
Platform modules already initialized, skipping
Refreshing native plugins compatible for Editor in 0.37 ms, found 2 plugins.
Preloading 0 native plugins for Editor in 0.00 ms.
Unloading 1387 Unused Serialized files (Serialized files now loaded: 0)
System memory in use before: 79.8 MB.
System memory in use after: 79.9 MB.

Unloading 14 unused Assets to reduce memory usage. Loaded Objects now: 1864.
Total: 1.691000 ms (FindLiveObjects: 0.168300 ms CreateObjectMapping: 0.032100 ms MarkObjects: 1.426200 ms  DeleteObjects: 0.063100 ms)

AssetImportParameters requested are different than current active one (requested -> active):
  custom:framework-win-MediaFoundation: 216162199b28c13a410421893ffa2e32 -> 
  custom:video-decoder-ogg-theora: a1e56fd34408186e4bbccfd4996cb3dc -> 
  custom:container-muxer-webm: aa71ff27fc2769a1b78a27578f13a17b -> 
  custom:container-demuxer-webm: 4f35f7cbe854078d1ac9338744f61a02 -> 
  custom:container-demuxer-ogg: 62fdf1f143b41e24485cea50d1cbac27 -> 
  custom:video-encoder-webm-vp8: eb34c28f22e8b96e1ab97ce403110664 -> 
  custom:video-decoder-webm-vp8: 9c59270c3fd7afecdb556c50c9e8de78 -> 
  custom:audio-decoder-ogg-vorbis: bf7c407c2cedff20999df2af8eb42d56 -> 
  custom:audio-encoder-webm-vorbis: bf7c407c2cedff20999df2af8eb42d56 -> 
========================================================================
Received Import Request.
  Time since last request: 220.684107 seconds.
  path: ProjectSettings/TagManager.asset
  artifactKey: Guid(00000000000000003000000000000000) Importer(815301076,1909f56bfc062723c751e8b465ee728b)
Start importing ProjectSettings/TagManager.asset using Guid(00000000000000003000000000000000) Importer(815301076,1909f56bfc062723c751e8b465ee728b)  -> (artifact id: '3ce5477e3e86edc393dccf1d3c8eb4b0') in 0.025178 seconds 
  Import took 0.030024 seconds .

========================================================================
Received Import Request.
  Time since last request: 61.618028 seconds.
  path: Assets/Resources/Prefabs/Map/Map 1.prefab
  artifactKey: Guid(82600fe5fe48c82408eaa6414f70a345) Importer(815301076,1909f56bfc062723c751e8b465ee728b)
Start importing Assets/Resources/Prefabs/Map/Map 1.prefab using Guid(82600fe5fe48c82408eaa6414f70a345) Importer(815301076,1909f56bfc062723c751e8b465ee728b)  -> (artifact id: 'af5353c2661cb40320a94a68d6447a0f') in 0.095308 seconds 
  Import took 0.100297 seconds .

========================================================================
Received Import Request.
  Time since last request: 0.009305 seconds.
  path: Assets/Resources/Prefabs/Map/Map 1.prefab
  artifactKey: Guid(82600fe5fe48c82408eaa6414f70a345) Importer(815301076,1909f56bfc062723c751e8b465ee728b)
Start importing Assets/Resources/Prefabs/Map/Map 1.prefab using Guid(82600fe5fe48c82408eaa6414f70a345) Importer(815301076,1909f56bfc062723c751e8b465ee728b)  -> (artifact id: 'af5353c2661cb40320a94a68d6447a0f') in 0.017174 seconds 
  Import took 0.020189 seconds .

========================================================================
Received Import Request.
  Time since last request: 9.452499 seconds.
  path: Assets/Resources/Prefabs/Map/Map.prefab
  artifactKey: Guid(82600fe5fe48c82408eaa6414f70a345) Importer(815301076,1909f56bfc062723c751e8b465ee728b)
Start importing Assets/Resources/Prefabs/Map/Map.prefab using Guid(82600fe5fe48c82408eaa6414f70a345) Importer(815301076,1909f56bfc062723c751e8b465ee728b)  -> (artifact id: '4aec47af308237bb2ec1d54ac624886e') in 0.017818 seconds 
  Import took 0.020660 seconds .

========================================================================
Received Import Request.
  Time since last request: 24.057740 seconds.
  path: Assets/Resources/Prefabs/Map/Map.prefab
  artifactKey: Guid(82600fe5fe48c82408eaa6414f70a345) Importer(815301076,1909f56bfc062723c751e8b465ee728b)
Start importing Assets/Resources/Prefabs/Map/Map.prefab using Guid(82600fe5fe48c82408eaa6414f70a345) Importer(815301076,1909f56bfc062723c751e8b465ee728b)  -> (artifact id: 'b5125422bac4165a1dc72f959a573e06') in 0.017437 seconds 
  Import took 0.020751 seconds .

========================================================================
Received Import Request.
  Time since last request: 7.428713 seconds.
  path: Assets/Resources/Prefabs/Map/Map.prefab
  artifactKey: Guid(82600fe5fe48c82408eaa6414f70a345) Importer(815301076,1909f56bfc062723c751e8b465ee728b)
Start importing Assets/Resources/Prefabs/Map/Map.prefab using Guid(82600fe5fe48c82408eaa6414f70a345) Importer(815301076,1909f56bfc062723c751e8b465ee728b)  -> (artifact id: '905c472574e3f913fb26272961614aa1') in 0.014353 seconds 
  Import took 0.017185 seconds .

========================================================================
Received Import Request.
  Time since last request: 2.092715 seconds.
  path: Assets/Resources/Prefabs/Map/Map.prefab
  artifactKey: Guid(82600fe5fe48c82408eaa6414f70a345) Importer(815301076,1909f56bfc062723c751e8b465ee728b)
Start importing Assets/Resources/Prefabs/Map/Map.prefab using Guid(82600fe5fe48c82408eaa6414f70a345) Importer(815301076,1909f56bfc062723c751e8b465ee728b)  -> (artifact id: 'a7ac4698ef8840c248c2b28936f77836') in 0.016504 seconds 
  Import took 0.020040 seconds .

========================================================================
Received Import Request.
  Time since last request: 1.732591 seconds.
  path: Assets/Resources/Prefabs/Map/Map.prefab
  artifactKey: Guid(82600fe5fe48c82408eaa6414f70a345) Importer(815301076,1909f56bfc062723c751e8b465ee728b)
Start importing Assets/Resources/Prefabs/Map/Map.prefab using Guid(82600fe5fe48c82408eaa6414f70a345) Importer(815301076,1909f56bfc062723c751e8b465ee728b)  -> (artifact id: 'b2cd3a42307bbe8faaeab0fd648b8e3d') in 0.012993 seconds 
  Import took 0.016453 seconds .

========================================================================
Received Import Request.
  Time since last request: 1.723678 seconds.
  path: Assets/Resources/Prefabs/Map/Map.prefab
  artifactKey: Guid(82600fe5fe48c82408eaa6414f70a345) Importer(815301076,1909f56bfc062723c751e8b465ee728b)
Start importing Assets/Resources/Prefabs/Map/Map.prefab using Guid(82600fe5fe48c82408eaa6414f70a345) Importer(815301076,1909f56bfc062723c751e8b465ee728b)  -> (artifact id: '438ef12a0721d53ce676992535b9f96d') in 0.013138 seconds 
  Import took 0.016184 seconds .

========================================================================
Received Import Request.
  Time since last request: 1.643591 seconds.
  path: Assets/Resources/Prefabs/Map/Map.prefab
  artifactKey: Guid(82600fe5fe48c82408eaa6414f70a345) Importer(815301076,1909f56bfc062723c751e8b465ee728b)
Start importing Assets/Resources/Prefabs/Map/Map.prefab using Guid(82600fe5fe48c82408eaa6414f70a345) Importer(815301076,1909f56bfc062723c751e8b465ee728b)  -> (artifact id: 'b0722a2e06c5f1c56717e234773ca1c7') in 0.015060 seconds 
  Import took 0.018014 seconds .

========================================================================
Received Import Request.
  Time since last request: 2.170392 seconds.
  path: Assets/Resources/Prefabs/Map/Map.prefab
  artifactKey: Guid(82600fe5fe48c82408eaa6414f70a345) Importer(815301076,1909f56bfc062723c751e8b465ee728b)
Start importing Assets/Resources/Prefabs/Map/Map.prefab using Guid(82600fe5fe48c82408eaa6414f70a345) Importer(815301076,1909f56bfc062723c751e8b465ee728b)  -> (artifact id: '364cfeb436402d88e53526ebefebb677') in 0.014091 seconds 
  Import took 0.017298 seconds .

========================================================================
Received Import Request.
  Time since last request: 2.838765 seconds.
  path: Assets/Resources/Prefabs/Map/Map.prefab
  artifactKey: Guid(82600fe5fe48c82408eaa6414f70a345) Importer(815301076,1909f56bfc062723c751e8b465ee728b)
Start importing Assets/Resources/Prefabs/Map/Map.prefab using Guid(82600fe5fe48c82408eaa6414f70a345) Importer(815301076,1909f56bfc062723c751e8b465ee728b)  -> (artifact id: '233165c6cbdbf436d13f276c281caf05') in 0.013905 seconds 
  Import took 0.017357 seconds .

========================================================================
Received Import Request.
  Time since last request: 2.491288 seconds.
  path: Assets/Resources/Prefabs/Map/Map.prefab
  artifactKey: Guid(82600fe5fe48c82408eaa6414f70a345) Importer(815301076,1909f56bfc062723c751e8b465ee728b)
Start importing Assets/Resources/Prefabs/Map/Map.prefab using Guid(82600fe5fe48c82408eaa6414f70a345) Importer(815301076,1909f56bfc062723c751e8b465ee728b)  -> (artifact id: '45327aa76eabbbfca786f2f3e9a1dbd3') in 0.018679 seconds 
  Import took 0.023189 seconds .

========================================================================
Received Import Request.
  Time since last request: 3.198932 seconds.
  path: Assets/Resources/Prefabs/Map/Map.prefab
  artifactKey: Guid(82600fe5fe48c82408eaa6414f70a345) Importer(815301076,1909f56bfc062723c751e8b465ee728b)
Start importing Assets/Resources/Prefabs/Map/Map.prefab using Guid(82600fe5fe48c82408eaa6414f70a345) Importer(815301076,1909f56bfc062723c751e8b465ee728b)  -> (artifact id: '9cda266cb8892f9116432007e48cda69') in 0.012467 seconds 
  Import took 0.016666 seconds .

========================================================================
Received Import Request.
  Time since last request: 1.897511 seconds.
  path: Assets/Resources/Prefabs/Map/Map.prefab
  artifactKey: Guid(82600fe5fe48c82408eaa6414f70a345) Importer(815301076,1909f56bfc062723c751e8b465ee728b)
Start importing Assets/Resources/Prefabs/Map/Map.prefab using Guid(82600fe5fe48c82408eaa6414f70a345) Importer(815301076,1909f56bfc062723c751e8b465ee728b)  -> (artifact id: '53989b561a9d070a43248722c289e45e') in 0.015199 seconds 
  Import took 0.019770 seconds .

========================================================================
Received Import Request.
  Time since last request: 2.146263 seconds.
  path: Assets/Resources/Prefabs/Map/Map.prefab
  artifactKey: Guid(82600fe5fe48c82408eaa6414f70a345) Importer(815301076,1909f56bfc062723c751e8b465ee728b)
Start importing Assets/Resources/Prefabs/Map/Map.prefab using Guid(82600fe5fe48c82408eaa6414f70a345) Importer(815301076,1909f56bfc062723c751e8b465ee728b)  -> (artifact id: 'c606efcadc12ea18f611e6e6130e6c97') in 0.023909 seconds 
  Import took 0.026821 seconds .

========================================================================
Received Import Request.
  Time since last request: 1.844081 seconds.
  path: Assets/Resources/Prefabs/Map/Map.prefab
  artifactKey: Guid(82600fe5fe48c82408eaa6414f70a345) Importer(815301076,1909f56bfc062723c751e8b465ee728b)
Start importing Assets/Resources/Prefabs/Map/Map.prefab using Guid(82600fe5fe48c82408eaa6414f70a345) Importer(815301076,1909f56bfc062723c751e8b465ee728b)  -> (artifact id: '1c5fa01e62908e8d3c01e745d1a9aa78') in 0.013839 seconds 
  Import took 0.016707 seconds .

========================================================================
Received Import Request.
  Time since last request: 1.611139 seconds.
  path: Assets/Resources/Prefabs/Map/Map.prefab
  artifactKey: Guid(82600fe5fe48c82408eaa6414f70a345) Importer(815301076,1909f56bfc062723c751e8b465ee728b)
Start importing Assets/Resources/Prefabs/Map/Map.prefab using Guid(82600fe5fe48c82408eaa6414f70a345) Importer(815301076,1909f56bfc062723c751e8b465ee728b)  -> (artifact id: '6b236f10af7d14ea892736eef8c607d6') in 0.012548 seconds 
  Import took 0.015156 seconds .

========================================================================
Received Import Request.
  Time since last request: 1.883233 seconds.
  path: Assets/Resources/Prefabs/Map/Map.prefab
  artifactKey: Guid(82600fe5fe48c82408eaa6414f70a345) Importer(815301076,1909f56bfc062723c751e8b465ee728b)
Start importing Assets/Resources/Prefabs/Map/Map.prefab using Guid(82600fe5fe48c82408eaa6414f70a345) Importer(815301076,1909f56bfc062723c751e8b465ee728b)  -> (artifact id: '478033f77a3188c0200dc0e1af85d3c5') in 0.012538 seconds 
  Import took 0.016896 seconds .

========================================================================
Received Import Request.
  Time since last request: 2.855720 seconds.
  path: Assets/Resources/Prefabs/Map/Map.prefab
  artifactKey: Guid(82600fe5fe48c82408eaa6414f70a345) Importer(815301076,1909f56bfc062723c751e8b465ee728b)
Start importing Assets/Resources/Prefabs/Map/Map.prefab using Guid(82600fe5fe48c82408eaa6414f70a345) Importer(815301076,1909f56bfc062723c751e8b465ee728b)  -> (artifact id: '70ff5b9fa45fe6fecef0356a5fda3fb0') in 0.014401 seconds 
  Import took 0.018104 seconds .

========================================================================
Received Import Request.
  Time since last request: 2.100141 seconds.
  path: Assets/Resources/Prefabs/Map/Map.prefab
  artifactKey: Guid(82600fe5fe48c82408eaa6414f70a345) Importer(815301076,1909f56bfc062723c751e8b465ee728b)
Start importing Assets/Resources/Prefabs/Map/Map.prefab using Guid(82600fe5fe48c82408eaa6414f70a345) Importer(815301076,1909f56bfc062723c751e8b465ee728b)  -> (artifact id: '1be0d6836203401aaeb7c49b2bdd0d9e') in 0.016898 seconds 
  Import took 0.019685 seconds .

========================================================================
Received Import Request.
  Time since last request: 2.218346 seconds.
  path: Assets/Resources/Prefabs/Map/Map.prefab
  artifactKey: Guid(82600fe5fe48c82408eaa6414f70a345) Importer(815301076,1909f56bfc062723c751e8b465ee728b)
Start importing Assets/Resources/Prefabs/Map/Map.prefab using Guid(82600fe5fe48c82408eaa6414f70a345) Importer(815301076,1909f56bfc062723c751e8b465ee728b)  -> (artifact id: '5237e4cb3bd1f3565ca7e941fe5849fa') in 0.013194 seconds 
  Import took 0.016821 seconds .

========================================================================
Received Import Request.
  Time since last request: 4.261136 seconds.
  path: Assets/Resources/Prefabs/Map/Map.prefab
  artifactKey: Guid(82600fe5fe48c82408eaa6414f70a345) Importer(815301076,1909f56bfc062723c751e8b465ee728b)
Start importing Assets/Resources/Prefabs/Map/Map.prefab using Guid(82600fe5fe48c82408eaa6414f70a345) Importer(815301076,1909f56bfc062723c751e8b465ee728b)  -> (artifact id: 'ceb71002df125fbf530d25bac1581d04') in 0.013957 seconds 
  Import took 0.016954 seconds .

========================================================================
Received Import Request.
  Time since last request: 18.989437 seconds.
  path: Assets/Resources/Prefabs/Map/Map.prefab
  artifactKey: Guid(82600fe5fe48c82408eaa6414f70a345) Importer(815301076,1909f56bfc062723c751e8b465ee728b)
Start importing Assets/Resources/Prefabs/Map/Map.prefab using Guid(82600fe5fe48c82408eaa6414f70a345) Importer(815301076,1909f56bfc062723c751e8b465ee728b)  -> (artifact id: 'c378fe083ece367a20d4a8b6d8b3aacc') in 0.012383 seconds 
  Import took 0.015371 seconds .

========================================================================
Received Import Request.
  Time since last request: 6.224236 seconds.
  path: Assets/Resources/Prefabs/Map/Map.prefab
  artifactKey: Guid(82600fe5fe48c82408eaa6414f70a345) Importer(815301076,1909f56bfc062723c751e8b465ee728b)
Start importing Assets/Resources/Prefabs/Map/Map.prefab using Guid(82600fe5fe48c82408eaa6414f70a345) Importer(815301076,1909f56bfc062723c751e8b465ee728b)  -> (artifact id: 'eaab5e5918e51737e927051f7ca6d0ee') in 0.012724 seconds 
  Import took 0.015497 seconds .

========================================================================
Received Import Request.
  Time since last request: 17.526168 seconds.
  path: Assets/Resources/Prefabs/Map/Map.prefab
  artifactKey: Guid(82600fe5fe48c82408eaa6414f70a345) Importer(815301076,1909f56bfc062723c751e8b465ee728b)
Start importing Assets/Resources/Prefabs/Map/Map.prefab using Guid(82600fe5fe48c82408eaa6414f70a345) Importer(815301076,1909f56bfc062723c751e8b465ee728b)  -> (artifact id: '6e0c9fa63f53653edd07e6e5840d06ad') in 0.014976 seconds 
  Import took 0.018556 seconds .

========================================================================
Received Import Request.
  Time since last request: 2.099163 seconds.
  path: Assets/Resources/Prefabs/Map/Map.prefab
  artifactKey: Guid(82600fe5fe48c82408eaa6414f70a345) Importer(815301076,1909f56bfc062723c751e8b465ee728b)
Start importing Assets/Resources/Prefabs/Map/Map.prefab using Guid(82600fe5fe48c82408eaa6414f70a345) Importer(815301076,1909f56bfc062723c751e8b465ee728b)  -> (artifact id: 'db96add312a62a2fdf02cb9ade10c832') in 0.013891 seconds 
  Import took 0.017076 seconds .

========================================================================
Received Import Request.
  Time since last request: 2.586789 seconds.
  path: Assets/Resources/Prefabs/Map/Map.prefab
  artifactKey: Guid(82600fe5fe48c82408eaa6414f70a345) Importer(815301076,1909f56bfc062723c751e8b465ee728b)
Start importing Assets/Resources/Prefabs/Map/Map.prefab using Guid(82600fe5fe48c82408eaa6414f70a345) Importer(815301076,1909f56bfc062723c751e8b465ee728b)  -> (artifact id: '1a4b8afe9175a3f08726a10ed1441fb3') in 0.013955 seconds 
  Import took 0.016775 seconds .

========================================================================
Received Import Request.
  Time since last request: 5.578313 seconds.
  path: Assets/Resources/Prefabs/Map/Map.prefab
  artifactKey: Guid(82600fe5fe48c82408eaa6414f70a345) Importer(815301076,1909f56bfc062723c751e8b465ee728b)
Start importing Assets/Resources/Prefabs/Map/Map.prefab using Guid(82600fe5fe48c82408eaa6414f70a345) Importer(815301076,1909f56bfc062723c751e8b465ee728b)  -> (artifact id: '1f90a95a1e24cc1e17b08906d14197cc') in 0.015119 seconds 
  Import took 0.018342 seconds .

========================================================================
Received Import Request.
  Time since last request: 1.590472 seconds.
  path: Assets/Resources/Prefabs/Map/Map.prefab
  artifactKey: Guid(82600fe5fe48c82408eaa6414f70a345) Importer(815301076,1909f56bfc062723c751e8b465ee728b)
Start importing Assets/Resources/Prefabs/Map/Map.prefab using Guid(82600fe5fe48c82408eaa6414f70a345) Importer(815301076,1909f56bfc062723c751e8b465ee728b)  -> (artifact id: '1002062b818b895caceb7deaa6090024') in 0.014057 seconds 
  Import took 0.019055 seconds .

========================================================================
Received Import Request.
  Time since last request: 2.302690 seconds.
  path: Assets/Resources/Prefabs/Map/Map.prefab
  artifactKey: Guid(82600fe5fe48c82408eaa6414f70a345) Importer(815301076,1909f56bfc062723c751e8b465ee728b)
Start importing Assets/Resources/Prefabs/Map/Map.prefab using Guid(82600fe5fe48c82408eaa6414f70a345) Importer(815301076,1909f56bfc062723c751e8b465ee728b)  -> (artifact id: '376ed73ce42dd1fbf775d9b50560dd05') in 0.014964 seconds 
  Import took 0.018014 seconds .

========================================================================
Received Import Request.
  Time since last request: 2.777043 seconds.
  path: Assets/Resources/Prefabs/Map/Map.prefab
  artifactKey: Guid(82600fe5fe48c82408eaa6414f70a345) Importer(815301076,1909f56bfc062723c751e8b465ee728b)
Start importing Assets/Resources/Prefabs/Map/Map.prefab using Guid(82600fe5fe48c82408eaa6414f70a345) Importer(815301076,1909f56bfc062723c751e8b465ee728b)  -> (artifact id: '9f177f2cc9e557ba5ad0e3a496900298') in 0.014962 seconds 
  Import took 0.018067 seconds .

========================================================================
Received Import Request.
  Time since last request: 1.939570 seconds.
  path: Assets/Resources/Prefabs/Map/Map.prefab
  artifactKey: Guid(82600fe5fe48c82408eaa6414f70a345) Importer(815301076,1909f56bfc062723c751e8b465ee728b)
Start importing Assets/Resources/Prefabs/Map/Map.prefab using Guid(82600fe5fe48c82408eaa6414f70a345) Importer(815301076,1909f56bfc062723c751e8b465ee728b)  -> (artifact id: '412e90d111e84d4c765c0b08dd79b71c') in 0.014077 seconds 
  Import took 0.017804 seconds .

========================================================================
Received Import Request.
  Time since last request: 1.724329 seconds.
  path: Assets/Resources/Prefabs/Map/Map.prefab
  artifactKey: Guid(82600fe5fe48c82408eaa6414f70a345) Importer(815301076,1909f56bfc062723c751e8b465ee728b)
Start importing Assets/Resources/Prefabs/Map/Map.prefab using Guid(82600fe5fe48c82408eaa6414f70a345) Importer(815301076,1909f56bfc062723c751e8b465ee728b)  -> (artifact id: '69a2d5dec0772464b92a5f1344ce908d') in 0.013962 seconds 
  Import took 0.016868 seconds .

========================================================================
Received Import Request.
  Time since last request: 1.518248 seconds.
  path: Assets/Resources/Prefabs/Map/Map.prefab
  artifactKey: Guid(82600fe5fe48c82408eaa6414f70a345) Importer(815301076,1909f56bfc062723c751e8b465ee728b)
Start importing Assets/Resources/Prefabs/Map/Map.prefab using Guid(82600fe5fe48c82408eaa6414f70a345) Importer(815301076,1909f56bfc062723c751e8b465ee728b)  -> (artifact id: '8e4962e7eeef2d39d9144f8598680904') in 0.014136 seconds 
  Import took 0.019359 seconds .

========================================================================
Received Import Request.
  Time since last request: 2.820901 seconds.
  path: Assets/Resources/Prefabs/Map/Map.prefab
  artifactKey: Guid(82600fe5fe48c82408eaa6414f70a345) Importer(815301076,1909f56bfc062723c751e8b465ee728b)
Start importing Assets/Resources/Prefabs/Map/Map.prefab using Guid(82600fe5fe48c82408eaa6414f70a345) Importer(815301076,1909f56bfc062723c751e8b465ee728b)  -> (artifact id: '50af213881e49a5efe407d6858f172b7') in 0.013621 seconds 
  Import took 0.016422 seconds .

========================================================================
Received Import Request.
  Time since last request: 2.011425 seconds.
  path: Assets/Resources/Prefabs/Map/Map.prefab
  artifactKey: Guid(82600fe5fe48c82408eaa6414f70a345) Importer(815301076,1909f56bfc062723c751e8b465ee728b)
Start importing Assets/Resources/Prefabs/Map/Map.prefab using Guid(82600fe5fe48c82408eaa6414f70a345) Importer(815301076,1909f56bfc062723c751e8b465ee728b)  -> (artifact id: 'ac1700848a7423d272aef51e0b816815') in 0.013366 seconds 
  Import took 0.016634 seconds .

========================================================================
Received Import Request.
  Time since last request: 1.765200 seconds.
  path: Assets/Resources/Prefabs/Map/Map.prefab
  artifactKey: Guid(82600fe5fe48c82408eaa6414f70a345) Importer(815301076,1909f56bfc062723c751e8b465ee728b)
Start importing Assets/Resources/Prefabs/Map/Map.prefab using Guid(82600fe5fe48c82408eaa6414f70a345) Importer(815301076,1909f56bfc062723c751e8b465ee728b)  -> (artifact id: '03badbe33c666e27207a9074fe335d35') in 0.015670 seconds 
  Import took 0.019340 seconds .

========================================================================
Received Import Request.
  Time since last request: 2.120604 seconds.
  path: Assets/Resources/Prefabs/Map/Map.prefab
  artifactKey: Guid(82600fe5fe48c82408eaa6414f70a345) Importer(815301076,1909f56bfc062723c751e8b465ee728b)
Start importing Assets/Resources/Prefabs/Map/Map.prefab using Guid(82600fe5fe48c82408eaa6414f70a345) Importer(815301076,1909f56bfc062723c751e8b465ee728b)  -> (artifact id: '132736c2686e9a0e336e91ecf8fb653b') in 0.015982 seconds 
  Import took 0.018884 seconds .

========================================================================
Received Import Request.
  Time since last request: 1.957514 seconds.
  path: Assets/Resources/Prefabs/Map/Map.prefab
  artifactKey: Guid(82600fe5fe48c82408eaa6414f70a345) Importer(815301076,1909f56bfc062723c751e8b465ee728b)
Start importing Assets/Resources/Prefabs/Map/Map.prefab using Guid(82600fe5fe48c82408eaa6414f70a345) Importer(815301076,1909f56bfc062723c751e8b465ee728b)  -> (artifact id: 'ea10221eb49c6e9487c2a8bb80d2ba10') in 0.015211 seconds 
  Import took 0.018533 seconds .

========================================================================
Received Import Request.
  Time since last request: 1.625404 seconds.
  path: Assets/Resources/Prefabs/Map/Map.prefab
  artifactKey: Guid(82600fe5fe48c82408eaa6414f70a345) Importer(815301076,1909f56bfc062723c751e8b465ee728b)
Start importing Assets/Resources/Prefabs/Map/Map.prefab using Guid(82600fe5fe48c82408eaa6414f70a345) Importer(815301076,1909f56bfc062723c751e8b465ee728b)  -> (artifact id: 'e3957931c65e03dfeca11b7325eb27d8') in 0.013610 seconds 
  Import took 0.017068 seconds .

========================================================================
Received Import Request.
  Time since last request: 2.070486 seconds.
  path: Assets/Resources/Prefabs/Map/Map.prefab
  artifactKey: Guid(82600fe5fe48c82408eaa6414f70a345) Importer(815301076,1909f56bfc062723c751e8b465ee728b)
Start importing Assets/Resources/Prefabs/Map/Map.prefab using Guid(82600fe5fe48c82408eaa6414f70a345) Importer(815301076,1909f56bfc062723c751e8b465ee728b)  -> (artifact id: 'b4e0eca65f3a28f87a88a36d3895121e') in 0.013216 seconds 
  Import took 0.016070 seconds .

========================================================================
Received Import Request.
  Time since last request: 2.963030 seconds.
  path: Assets/Resources/Prefabs/Map/Map.prefab
  artifactKey: Guid(82600fe5fe48c82408eaa6414f70a345) Importer(815301076,1909f56bfc062723c751e8b465ee728b)
Start importing Assets/Resources/Prefabs/Map/Map.prefab using Guid(82600fe5fe48c82408eaa6414f70a345) Importer(815301076,1909f56bfc062723c751e8b465ee728b)  -> (artifact id: '1a9ff31f2657a15110a45014fa9440e5') in 0.014818 seconds 
  Import took 0.018164 seconds .

========================================================================
Received Import Request.
  Time since last request: 1.667061 seconds.
  path: Assets/Resources/Prefabs/Map/Map.prefab
  artifactKey: Guid(82600fe5fe48c82408eaa6414f70a345) Importer(815301076,1909f56bfc062723c751e8b465ee728b)
Start importing Assets/Resources/Prefabs/Map/Map.prefab using Guid(82600fe5fe48c82408eaa6414f70a345) Importer(815301076,1909f56bfc062723c751e8b465ee728b)  -> (artifact id: '662cdf04d43718c73295244487f18cc8') in 0.014948 seconds 
  Import took 0.018592 seconds .

========================================================================
Received Import Request.
  Time since last request: 1.710827 seconds.
  path: Assets/Resources/Prefabs/Map/Map.prefab
  artifactKey: Guid(82600fe5fe48c82408eaa6414f70a345) Importer(815301076,1909f56bfc062723c751e8b465ee728b)
Start importing Assets/Resources/Prefabs/Map/Map.prefab using Guid(82600fe5fe48c82408eaa6414f70a345) Importer(815301076,1909f56bfc062723c751e8b465ee728b)  -> (artifact id: 'a988ee8a3c8381e5db84dadab1cf3bf5') in 0.015390 seconds 
  Import took 0.018125 seconds .

========================================================================
Received Import Request.
  Time since last request: 1.597851 seconds.
  path: Assets/Resources/Prefabs/Map/Map.prefab
  artifactKey: Guid(82600fe5fe48c82408eaa6414f70a345) Importer(815301076,1909f56bfc062723c751e8b465ee728b)
Start importing Assets/Resources/Prefabs/Map/Map.prefab using Guid(82600fe5fe48c82408eaa6414f70a345) Importer(815301076,1909f56bfc062723c751e8b465ee728b)  -> (artifact id: 'd2faa7fb76889abba8188854eabb5f4c') in 0.012278 seconds 
  Import took 0.016006 seconds .

========================================================================
Received Import Request.
  Time since last request: 1.799640 seconds.
  path: Assets/Resources/Prefabs/Map/Map.prefab
  artifactKey: Guid(82600fe5fe48c82408eaa6414f70a345) Importer(815301076,1909f56bfc062723c751e8b465ee728b)
Start importing Assets/Resources/Prefabs/Map/Map.prefab using Guid(82600fe5fe48c82408eaa6414f70a345) Importer(815301076,1909f56bfc062723c751e8b465ee728b)  -> (artifact id: '161c857712ff399c46edfb23c0d44755') in 0.014159 seconds 
  Import took 0.017144 seconds .

========================================================================
Received Import Request.
  Time since last request: 2.091775 seconds.
  path: Assets/Resources/Prefabs/Map/Map.prefab
  artifactKey: Guid(82600fe5fe48c82408eaa6414f70a345) Importer(815301076,1909f56bfc062723c751e8b465ee728b)
Start importing Assets/Resources/Prefabs/Map/Map.prefab using Guid(82600fe5fe48c82408eaa6414f70a345) Importer(815301076,1909f56bfc062723c751e8b465ee728b)  -> (artifact id: 'b34cee98c32704aaab88d55cfb02702f') in 0.013785 seconds 
  Import took 0.017257 seconds .

========================================================================
Received Import Request.
  Time since last request: 1.821174 seconds.
  path: Assets/Resources/Prefabs/Map/Map.prefab
  artifactKey: Guid(82600fe5fe48c82408eaa6414f70a345) Importer(815301076,1909f56bfc062723c751e8b465ee728b)
Start importing Assets/Resources/Prefabs/Map/Map.prefab using Guid(82600fe5fe48c82408eaa6414f70a345) Importer(815301076,1909f56bfc062723c751e8b465ee728b)  -> (artifact id: '49e97a4f94a0532669338809ff249450') in 0.017487 seconds 
  Import took 0.020448 seconds .

========================================================================
Received Import Request.
  Time since last request: 41.496450 seconds.
  path: Assets/Scripts/Managers/HandManager.cs
  artifactKey: Guid(56a9d082009ee8c409105cc5a6d0b722) Importer(815301076,1909f56bfc062723c751e8b465ee728b)
Start importing Assets/Scripts/Managers/HandManager.cs using Guid(56a9d082009ee8c409105cc5a6d0b722) Importer(815301076,1909f56bfc062723c751e8b465ee728b)  -> (artifact id: 'a9f49f0d24d5f00d5d628d47fdc13095') in 0.008534 seconds 
  Import took 0.011376 seconds .

========================================================================
Received Import Request.
  Time since last request: 0.458783 seconds.
  path: Assets/Scripts/Managers/InputManager.cs
  artifactKey: Guid(4cdbcff97920cc14a8c1beec433e7888) Importer(815301076,1909f56bfc062723c751e8b465ee728b)
Start importing Assets/Scripts/Managers/InputManager.cs using Guid(4cdbcff97920cc14a8c1beec433e7888) Importer(815301076,1909f56bfc062723c751e8b465ee728b)  -> (artifact id: '30088704510534ab448b7e493d3a704f') in 0.002635 seconds 
  Import took 0.005727 seconds .

========================================================================
Received Import Request.
  Time since last request: 0.503597 seconds.
  path: Assets/Scripts/Managers/Manager.cs
  artifactKey: Guid(483096899c3c62340a4b5ef59c09eb98) Importer(815301076,1909f56bfc062723c751e8b465ee728b)
Start importing Assets/Scripts/Managers/Manager.cs using Guid(483096899c3c62340a4b5ef59c09eb98) Importer(815301076,1909f56bfc062723c751e8b465ee728b)  -> (artifact id: 'a488b5fcea6d2dc296cd189be33139ec') in 0.005649 seconds 
  Import took 0.009262 seconds .

========================================================================
Received Import Request.
  Time since last request: 0.361918 seconds.
  path: Assets/Scripts/Managers/ShopManager.cs
  artifactKey: Guid(ce4c0667ee216624cb781ca853155d23) Importer(815301076,1909f56bfc062723c751e8b465ee728b)
Start importing Assets/Scripts/Managers/ShopManager.cs using Guid(ce4c0667ee216624cb781ca853155d23) Importer(815301076,1909f56bfc062723c751e8b465ee728b)  -> (artifact id: 'ab63581568c0ba2588d19b9cd8199744') in 0.006539 seconds 
  Import took 0.008780 seconds .

========================================================================
Received Prepare
Registering precompiled user dll's ...
Registered in 0.005369 seconds.
Begin MonoManager ReloadAssembly
Native extension for WindowsStandalone target not found
Native extension for WebGL target not found
Refreshing native plugins compatible for Editor in 0.30 ms, found 2 plugins.
Preloading 0 native plugins for Editor in 0.00 ms.
Mono: successfully reloaded assembly
- Completed reload, in  0.990 seconds
Platform modules already initialized, skipping
Refreshing native plugins compatible for Editor in 0.30 ms, found 2 plugins.
Preloading 0 native plugins for Editor in 0.00 ms.
Unloading 1387 Unused Serialized files (Serialized files now loaded: 0)
System memory in use before: 83.4 MB.
System memory in use after: 83.4 MB.

Unloading 16 unused Assets to reduce memory usage. Loaded Objects now: 1875.
Total: 2.961800 ms (FindLiveObjects: 0.146200 ms CreateObjectMapping: 0.031900 ms MarkObjects: 2.709400 ms  DeleteObjects: 0.073100 ms)

AssetImportParameters requested are different than current active one (requested -> active):
  custom:framework-win-MediaFoundation: 216162199b28c13a410421893ffa2e32 -> 
  custom:video-decoder-ogg-theora: a1e56fd34408186e4bbccfd4996cb3dc -> 
  custom:container-muxer-webm: aa71ff27fc2769a1b78a27578f13a17b -> 
  custom:container-demuxer-webm: 4f35f7cbe854078d1ac9338744f61a02 -> 
  custom:container-demuxer-ogg: 62fdf1f143b41e24485cea50d1cbac27 -> 
  custom:video-encoder-webm-vp8: eb34c28f22e8b96e1ab97ce403110664 -> 
  custom:video-decoder-webm-vp8: 9c59270c3fd7afecdb556c50c9e8de78 -> 
  custom:audio-decoder-ogg-vorbis: bf7c407c2cedff20999df2af8eb42d56 -> 
  custom:audio-encoder-webm-vorbis: bf7c407c2cedff20999df2af8eb42d56 -> 
========================================================================
Received Prepare
Registering precompiled user dll's ...
Registered in 0.005230 seconds.
Begin MonoManager ReloadAssembly
Native extension for WindowsStandalone target not found
Native extension for WebGL target not found
Refreshing native plugins compatible for Editor in 0.30 ms, found 2 plugins.
Preloading 0 native plugins for Editor in 0.00 ms.
Mono: successfully reloaded assembly
- Completed reload, in  0.856 seconds
Platform modules already initialized, skipping
Refreshing native plugins compatible for Editor in 0.31 ms, found 2 plugins.
Preloading 0 native plugins for Editor in 0.00 ms.
Unloading 1387 Unused Serialized files (Serialized files now loaded: 0)
System memory in use before: 83.4 MB.
System memory in use after: 83.4 MB.

Unloading 14 unused Assets to reduce memory usage. Loaded Objects now: 1878.
Total: 1.636400 ms (FindLiveObjects: 0.161700 ms CreateObjectMapping: 0.032000 ms MarkObjects: 1.383700 ms  DeleteObjects: 0.057900 ms)

AssetImportParameters requested are different than current active one (requested -> active):
  custom:framework-win-MediaFoundation: 216162199b28c13a410421893ffa2e32 -> 
  custom:video-decoder-ogg-theora: a1e56fd34408186e4bbccfd4996cb3dc -> 
  custom:container-muxer-webm: aa71ff27fc2769a1b78a27578f13a17b -> 
  custom:container-demuxer-webm: 4f35f7cbe854078d1ac9338744f61a02 -> 
  custom:container-demuxer-ogg: 62fdf1f143b41e24485cea50d1cbac27 -> 
  custom:video-encoder-webm-vp8: eb34c28f22e8b96e1ab97ce403110664 -> 
  custom:video-decoder-webm-vp8: 9c59270c3fd7afecdb556c50c9e8de78 -> 
  custom:audio-decoder-ogg-vorbis: bf7c407c2cedff20999df2af8eb42d56 -> 
  custom:audio-encoder-webm-vorbis: bf7c407c2cedff20999df2af8eb42d56 -> 
========================================================================
Received Import Request.
  Time since last request: 871.462649 seconds.
  path: Assets/Scripts/Managers/UnitManager.cs
  artifactKey: Guid(8b33db5dfa7aef04aabe4d0d95a2e660) Importer(815301076,1909f56bfc062723c751e8b465ee728b)
Start importing Assets/Scripts/Managers/UnitManager.cs using Guid(8b33db5dfa7aef04aabe4d0d95a2e660) Importer(815301076,1909f56bfc062723c751e8b465ee728b)  -> (artifact id: 'b56fcdda17d17369f6e6b815b4040d9b') in 0.009021 seconds 
  Import took 0.011854 seconds .

========================================================================
Received Prepare
Registering precompiled user dll's ...
Registered in 0.005390 seconds.
Begin MonoManager ReloadAssembly
Native extension for WindowsStandalone target not found
Native extension for WebGL target not found
Refreshing native plugins compatible for Editor in 0.32 ms, found 2 plugins.
Preloading 0 native plugins for Editor in 0.00 ms.
Mono: successfully reloaded assembly
- Completed reload, in  1.035 seconds
Platform modules already initialized, skipping
Refreshing native plugins compatible for Editor in 0.53 ms, found 2 plugins.
Preloading 0 native plugins for Editor in 0.00 ms.
Unloading 1388 Unused Serialized files (Serialized files now loaded: 0)
System memory in use before: 83.4 MB.
System memory in use after: 83.5 MB.

Unloading 14 unused Assets to reduce memory usage. Loaded Objects now: 1882.
Total: 1.777900 ms (FindLiveObjects: 0.204400 ms CreateObjectMapping: 0.034000 ms MarkObjects: 1.474100 ms  DeleteObjects: 0.063300 ms)

AssetImportParameters requested are different than current active one (requested -> active):
  custom:framework-win-MediaFoundation: 216162199b28c13a410421893ffa2e32 -> 
  custom:video-decoder-ogg-theora: a1e56fd34408186e4bbccfd4996cb3dc -> 
  custom:container-muxer-webm: aa71ff27fc2769a1b78a27578f13a17b -> 
  custom:container-demuxer-webm: 4f35f7cbe854078d1ac9338744f61a02 -> 
  custom:container-demuxer-ogg: 62fdf1f143b41e24485cea50d1cbac27 -> 
  custom:video-encoder-webm-vp8: eb34c28f22e8b96e1ab97ce403110664 -> 
  custom:video-decoder-webm-vp8: 9c59270c3fd7afecdb556c50c9e8de78 -> 
  custom:audio-decoder-ogg-vorbis: bf7c407c2cedff20999df2af8eb42d56 -> 
  custom:audio-encoder-webm-vorbis: bf7c407c2cedff20999df2af8eb42d56 -> 
========================================================================
Received Prepare
Registering precompiled user dll's ...
Registered in 0.006593 seconds.
Begin MonoManager ReloadAssembly
Native extension for WindowsStandalone target not found
Native extension for WebGL target not found
Refreshing native plugins compatible for Editor in 0.37 ms, found 2 plugins.
Preloading 0 native plugins for Editor in 0.00 ms.
Mono: successfully reloaded assembly
- Completed reload, in  0.983 seconds
Platform modules already initialized, skipping
Refreshing native plugins compatible for Editor in 0.33 ms, found 2 plugins.
Preloading 0 native plugins for Editor in 0.00 ms.
Unloading 1388 Unused Serialized files (Serialized files now loaded: 0)
System memory in use before: 83.4 MB.
System memory in use after: 83.5 MB.

Unloading 14 unused Assets to reduce memory usage. Loaded Objects now: 1885.
Total: 3.112100 ms (FindLiveObjects: 0.270900 ms CreateObjectMapping: 0.047300 ms MarkObjects: 2.703700 ms  DeleteObjects: 0.088500 ms)

AssetImportParameters requested are different than current active one (requested -> active):
  custom:framework-win-MediaFoundation: 216162199b28c13a410421893ffa2e32 -> 
  custom:video-decoder-ogg-theora: a1e56fd34408186e4bbccfd4996cb3dc -> 
  custom:container-muxer-webm: aa71ff27fc2769a1b78a27578f13a17b -> 
  custom:container-demuxer-webm: 4f35f7cbe854078d1ac9338744f61a02 -> 
  custom:container-demuxer-ogg: 62fdf1f143b41e24485cea50d1cbac27 -> 
  custom:video-encoder-webm-vp8: eb34c28f22e8b96e1ab97ce403110664 -> 
  custom:video-decoder-webm-vp8: 9c59270c3fd7afecdb556c50c9e8de78 -> 
  custom:audio-decoder-ogg-vorbis: bf7c407c2cedff20999df2af8eb42d56 -> 
  custom:audio-encoder-webm-vorbis: bf7c407c2cedff20999df2af8eb42d56 -> 
========================================================================
Received Prepare
Registering precompiled user dll's ...
Registered in 0.008637 seconds.
Begin MonoManager ReloadAssembly
Native extension for WindowsStandalone target not found
Native extension for WebGL target not found
Refreshing native plugins compatible for Editor in 0.29 ms, found 2 plugins.
Preloading 0 native plugins for Editor in 0.00 ms.
Mono: successfully reloaded assembly
- Completed reload, in  0.911 seconds
Platform modules already initialized, skipping
Refreshing native plugins compatible for Editor in 0.29 ms, found 2 plugins.
Preloading 0 native plugins for Editor in 0.00 ms.
Unloading 1388 Unused Serialized files (Serialized files now loaded: 0)
System memory in use before: 83.4 MB.
System memory in use after: 83.5 MB.

Unloading 14 unused Assets to reduce memory usage. Loaded Objects now: 1888.
Total: 1.589700 ms (FindLiveObjects: 0.139700 ms CreateObjectMapping: 0.029100 ms MarkObjects: 1.365900 ms  DeleteObjects: 0.054000 ms)

AssetImportParameters requested are different than current active one (requested -> active):
  custom:framework-win-MediaFoundation: 216162199b28c13a410421893ffa2e32 -> 
  custom:video-decoder-ogg-theora: a1e56fd34408186e4bbccfd4996cb3dc -> 
  custom:container-muxer-webm: aa71ff27fc2769a1b78a27578f13a17b -> 
  custom:container-demuxer-webm: 4f35f7cbe854078d1ac9338744f61a02 -> 
  custom:container-demuxer-ogg: 62fdf1f143b41e24485cea50d1cbac27 -> 
  custom:video-encoder-webm-vp8: eb34c28f22e8b96e1ab97ce403110664 -> 
  custom:video-decoder-webm-vp8: 9c59270c3fd7afecdb556c50c9e8de78 -> 
  custom:audio-decoder-ogg-vorbis: bf7c407c2cedff20999df2af8eb42d56 -> 
  custom:audio-encoder-webm-vorbis: bf7c407c2cedff20999df2af8eb42d56 -> 
